\BOOKMARK [1][-]{section.0.1}{\376\377\000A\000z\000\040\001\121\000s\000k\000o\000r\000i\000\040\000b\000a\000r\000l\000a\000n\000g\000f\000e\000s\000t\000m\000\351\000n\000y\000e\000k\000h\000e\000z\000\040\000h\000a\000s\000z\000n\000\341\000l\000t\000\040\000a\000n\000y\000a\000g\000o\000k\000,\000\040\000p\000i\000g\000m\000e\000n\000t\000e\000k\000,\000\040\000k\000\366\000t\001\121\000a\000n\000y\000a\000g\000o\000k\000,\000\040\000t\000e\000c\000h\000n\000i\000k\000\341\000k}{}% 1
\BOOKMARK [2][-]{subsection.0.1.1}{\376\377\000A\000\040\000t\000\351\000t\000e\000l\000\040\000t\000e\000l\000j\000e\000s\000\040\000c\000\355\000m\000e}{section.0.1}% 2
\BOOKMARK [2][-]{subsection.0.1.2}{\376\377\000B\000e\000v\000e\000z\000e\000t\000\351\000s}{section.0.1}% 3
\BOOKMARK [2][-]{subsection.0.1.3}{\376\377\000A\000z\000\040\001\121\000s\000k\000o\000r\000\040\000r\000\351\000s\000z\000e\000i}{section.0.1}% 4
\BOOKMARK [2][-]{subsection.0.1.4}{\376\377\000M\000e\000l\000y\000e\000k\000\040\000a\000z\000o\000k\000\040\000a\000z\000\040\000a\000n\000y\000a\000g\000o\000k\000,\000\040\000p\000i\000g\000m\000e\000n\000t\000e\000k\000,\000\040\000k\000\366\000t\001\121\000a\000n\000y\000a\000g\000o\000k\000,\000\040\000a\000m\000e\000l\000y\000e\000k\000\040\000a\000z\000\040\001\121\000s\000k\000o\000r\000i\000\040\000b\000a\000r\000l\000a\000n\000g\000f\000e\000s\000t\000m\000\351\000n\000y\000e\000k\000\040\000k\000\351\000s\000z\000\355\000t\001\121\000i\000n\000e\000k\000\040\000r\000e\000n\000d\000e\000l\000k\000e\000z\000\351\000s\000\351\000r\000e\000\040\000\341\000l\000l\000h\000a\000t\000t\000a\000k\000?}{section.0.1}% 5
\BOOKMARK [2][-]{subsection.0.1.5}{\376\377\000\040\000M\000i\000l\000y\000e\000n\000\040\000a\000l\000a\000p\000v\000e\000t\001\121\000\040\000l\000\351\000p\000\351\000s\000e\000k\000b\001\121\000l\000\040\000\341\000l\000l\000h\000a\000t\000o\000t\000t\000\040\000a\000\040\000k\000i\000v\000i\000t\000e\000l\000e\000z\000\351\000s\000\040\000m\000\363\000d\000j\000a\000\040\000a\000\040\000b\000a\000r\000l\000a\000n\000g\000f\000e\000s\000t\000m\000\351\000n\000y\000e\000k\000\040\000e\000l\000k\000\351\000s\000z\000\355\000t\000\351\000s\000e\000k\000o\000r\000?}{section.0.1}% 6
\BOOKMARK [1][-]{section.0.2}{\376\377\000M\000e\000g\000h\000a\000t\000\341\000r\000o\000z\000\363\000\040\000f\000e\000s\000t\000\351\000s\000z\000e\000t\000i\000\040\000t\000e\000c\000h\000n\000i\000k\000\341\000k\000\040\000a\000z\000\040\000\363\000k\000o\000r\000b\000a\000n\000,\000\040\000a\000z\000\040\000e\000g\000y\000i\000p\000t\000o\000m\000i\000\040\000f\000a\000l\000k\000\351\000p}{}% 7
\BOOKMARK [2][-]{subsection.0.2.1}{\376\377\000A\000\040\000t\000\351\000t\000e\000l\000\040\000t\000e\000l\000j\000e\000s\000\040\000c\000\355\000m\000e}{section.0.2}% 8
\BOOKMARK [2][-]{subsection.0.2.2}{\376\377\000A\000n\000y\000a\000g\000h\000a\000s\000z\000n\000\341\000l\000a\000t\000\040\000a\000z\000\040\000\363\000k\000o\000r\000b\000a\000n}{section.0.2}% 9
\BOOKMARK [2][-]{subsection.0.2.3}{\376\377\000F\000e\000s\000t\000\351\000s\000z\000e\000t\000i\000\040\000t\000e\000c\000h\000n\000i\000k\000\341\000k\000\040\000a\000z\000\040\000\363\000k\000o\000r\000b\000a\000n}{section.0.2}% 10
\BOOKMARK [2][-]{subsection.0.2.4}{\376\377\000A\000z\000\040\000e\000g\000y\000i\000p\000t\000o\000m\000i\000\040\000f\000a\000l\000k\000\351\000p\000\040\000e\000l\000k\000\351\000s\000z\000\355\000t\000\351\000s\000\351\000n\000e\000k\000\040\000m\000u\000n\000k\000a\000m\000e\000n\000e\000t\000e}{section.0.2}% 11
\BOOKMARK [2][-]{subsection.0.2.5}{\376\377\000S\000z\000\355\000n\000e\000k\000\040\000a\000z\000\040\000\363\000k\000o\000r\000i\000\040\000e\000g\000y\000i\000p\000t\000o\000m\000b\000a\000n}{section.0.2}% 12
\BOOKMARK [2][-]{subsection.0.2.6}{\376\377\000T\000h\000e\000\040\000P\000a\000i\000n\000t\000e\000r\000\040\000i\000n\000\040\000a\000n\000c\000i\000e\000n\000t\000\040\000E\000g\000y\000p\000t}{section.0.2}% 13
\BOOKMARK [1][-]{section.0.3}{\376\377\000P\000o\000m\000p\000e\000j\000i\000b\000e\000n\000\040\000f\000e\000l\000t\000\341\000r\000t\000\040\000f\000a\000l\000f\000e\000s\000t\000m\000\351\000n\000y\000e\000k\000\040\000n\000\351\000g\000y\000\040\000m\000e\000g\000h\000a\000t\000\341\000r\000o\000z\000\363\000\040\000f\000e\000s\000t\000\351\000s\000z\000e\000t\000i\000\040\000s\000t\000\355\000l\000u\000s\000a\000\040}{}% 14
\BOOKMARK [2][-]{subsection.0.3.1}{\376\377\000A\000\040\000t\000\351\000t\000e\000l\000\040\000t\000e\000l\000j\000e\000s\000\040\000c\000\355\000m\000e}{section.0.3}% 15
\BOOKMARK [2][-]{subsection.0.3.2}{\376\377\000B\000e\000v\000e\000z\000e\000t\000\351\000s}{section.0.3}% 16
\BOOKMARK [2][-]{subsection.0.3.3}{\376\377\000\326\000s\000s\000z\000e\000f\000o\000g\000l\000a\000l\000\341\000s}{section.0.3}% 17
\BOOKMARK [2][-]{subsection.0.3.4}{\376\377\000A\000\040\000f\000a\000l\000f\000e\000s\000t\000\351\000s\000z\000e\000t}{section.0.3}% 18
\BOOKMARK [2][-]{subsection.0.3.5}{\376\377\000I\000n\000k\000r\000u\000s\000z\000t\000\341\000c\000i\000\363\000s\000\040\000s\000t\000\355\000l\000u\000s}{section.0.3}% 19
\BOOKMARK [2][-]{subsection.0.3.6}{\376\377\000A\000r\000c\000h\000i\000t\000e\000k\000t\000o\000n\000i\000k\000u\000s\000\040\000s\000t\000\355\000l\000u\000s}{section.0.3}% 20
\BOOKMARK [2][-]{subsection.0.3.7}{\376\377\000O\000r\000n\000a\000m\000e\000n\000t\000\341\000l\000i\000s\000\040\000s\000t\000\355\000l\000u\000s}{section.0.3}% 21
\BOOKMARK [2][-]{subsection.0.3.8}{\376\377\000\040\000I\000l\000l\000u\000z\000i\000o\000n\000i\000s\000z\000t\000i\000k\000u\000s\000\040\000s\000t\000\355\000l\000u\000s}{section.0.3}% 22
\BOOKMARK [1][-]{section.0.4}{\376\377\000F\000o\000r\000r\000\341\000s\000o\000k}{}% 23
